#! /c/Source/iverilog-install/bin/vvp
:ivl_version "12.0 (devel)" "(s20150603-1110-g18392a46)";
:ivl_delay_selection "TYPICAL";
:vpi_time_precision + 0;
:vpi_module "C:\iverilog\lib\ivl\system.vpi";
:vpi_module "C:\iverilog\lib\ivl\vhdl_sys.vpi";
:vpi_module "C:\iverilog\lib\ivl\vhdl_textio.vpi";
:vpi_module "C:\iverilog\lib\ivl\v2005_math.vpi";
:vpi_module "C:\iverilog\lib\ivl\va_math.vpi";
S_0000011aed34a310 .scope module, "fix_mult_tb" "fix_mult_tb" 2 2;
 .timescale 0 0;
P_0000011aed34a6f0 .param/l "T" 0 2 24, +C4<00000000000000000000000000001010>;
P_0000011aed34a728 .param/l "WIDTHa" 0 2 9, +C4<00000000000000000000000000010000>;
P_0000011aed34a760 .param/l "WIDTHb" 0 2 10, +C4<00000000000000000000000000010000>;
P_0000011aed34a798 .param/l "WIDTHr" 0 2 11, +C4<00000000000000000000000000010000>;
v0000011aed3535d0_0 .var/s "a", 15 0;
v0000011aed353350 .array "a_mem", 511 0, 15 0;
v0000011aed353670_0 .var/s "b", 15 0;
v0000011aed3538f0 .array "b_mem", 511 0, 15 0;
v0000011aed353210_0 .var "clk", 0 0;
v0000011aed353d50_0 .var/i "file_r", 31 0;
v0000011aed353170_0 .var/i "i", 31 0;
v0000011aed353b70_0 .net/s "r", 15 0, L_0000011aed2cb480;  1 drivers
v0000011aed353030_0 .var "rstn", 0 0;
v0000011aed353990_0 .var "vld_in", 0 0;
v0000011aed3532b0_0 .net "vld_out", 0 0, L_0000011aed2cb4f0;  1 drivers
S_0000011aed34a7e0 .scope module, "fix_mult_u1N" "fix_mult" 2 14, 3 1 0, S_0000011aed34a310;
 .timescale 0 0;
    .port_info 0 /INPUT 1 "clk";
    .port_info 1 /INPUT 1 "rstn";
    .port_info 2 /INPUT 1 "vld_in";
    .port_info 3 /INPUT 16 "a";
    .port_info 4 /INPUT 16 "b";
    .port_info 5 /OUTPUT 16 "r";
    .port_info 6 /OUTPUT 1 "vld_out";
P_0000011aed34a970 .param/l "WIDTHa" 0 3 2, +C4<00000000000000000000000000010000>;
P_0000011aed34a9a8 .param/l "WIDTHb" 0 3 3, +C4<00000000000000000000000000010000>;
P_0000011aed34a9e0 .param/l "WIDTHr" 0 3 4, +C4<00000000000000000000000000010000>;
L_0000011aed2cb4f0 .functor BUFZ 1, v0000011aed353f30_0, C4<0>, C4<0>, C4<0>;
L_0000011aed2cb480 .functor BUFZ 16, v0000011aed323040_0, C4<0000000000000000>, C4<0000000000000000>, C4<0000000000000000>;
v0000011aed323490_0 .net "a", 15 0, v0000011aed3535d0_0;  1 drivers
v0000011aed34aa20_0 .var/s "a_reg", 15 0;
v0000011aed35c600_0 .net "b", 15 0, v0000011aed353670_0;  1 drivers
v0000011aed322d20_0 .var/s "b_reg", 15 0;
v0000011aed322dc0_0 .net "clk", 0 0, v0000011aed353210_0;  1 drivers
v0000011aed322e60_0 .var "finish_mult", 0 0;
v0000011aed322f00_0 .net "r", 15 0, L_0000011aed2cb480;  alias, 1 drivers
v0000011aed322fa0_0 .var "r_reg", 31 0;
v0000011aed323040_0 .var/s "result_reg", 15 0;
v0000011aed3230e0_0 .net "rstn", 0 0, v0000011aed353030_0;  1 drivers
v0000011aed353df0_0 .net "vld_in", 0 0, v0000011aed353990_0;  1 drivers
v0000011aed353e90_0 .var "vld_in_diff", 0 0;
v0000011aed353530_0 .net "vld_out", 0 0, L_0000011aed2cb4f0;  alias, 1 drivers
v0000011aed353f30_0 .var "vld_out_reg", 0 0;
E_0000011aed347ef0 .event anyedge, v0000011aed3230e0_0, v0000011aed322e60_0, v0000011aed322fa0_0;
E_0000011aed3480b0 .event anyedge, v0000011aed3230e0_0, v0000011aed353e90_0, v0000011aed34aa20_0, v0000011aed322d20_0;
E_0000011aed3480f0 .event posedge, v0000011aed322dc0_0;
E_0000011aed348130/0 .event negedge, v0000011aed3230e0_0;
E_0000011aed348130/1 .event posedge, v0000011aed322dc0_0;
E_0000011aed348130 .event/or E_0000011aed348130/0, E_0000011aed348130/1;
    .scope S_0000011aed34a7e0;
T_0 ;
    %wait E_0000011aed348130;
    %load/vec4 v0000011aed3230e0_0;
    %nor/r;
    %flag_set/vec4 8;
    %jmp/0xz  T_0.0, 8;
    %pushi/vec4 0, 0, 16;
    %assign/vec4 v0000011aed34aa20_0, 0;
    %pushi/vec4 0, 0, 16;
    %assign/vec4 v0000011aed322d20_0, 0;
    %jmp T_0.1;
T_0.0 ;
    %load/vec4 v0000011aed353df0_0;
    %flag_set/vec4 8;
    %jmp/0xz  T_0.2, 8;
    %load/vec4 v0000011aed323490_0;
    %assign/vec4 v0000011aed34aa20_0, 0;
    %load/vec4 v0000011aed35c600_0;
    %assign/vec4 v0000011aed322d20_0, 0;
T_0.2 ;
T_0.1 ;
    %jmp T_0;
    .thread T_0;
    .scope S_0000011aed34a7e0;
T_1 ;
    %wait E_0000011aed3480f0;
    %load/vec4 v0000011aed353df0_0;
    %assign/vec4 v0000011aed353e90_0, 0;
    %jmp T_1;
    .thread T_1;
    .scope S_0000011aed34a7e0;
T_2 ;
    %wait E_0000011aed3480b0;
    %load/vec4 v0000011aed3230e0_0;
    %nor/r;
    %flag_set/vec4 8;
    %jmp/0xz  T_2.0, 8;
    %pushi/vec4 0, 0, 32;
    %store/vec4 v0000011aed322fa0_0, 0, 32;
    %pushi/vec4 0, 0, 1;
    %store/vec4 v0000011aed322e60_0, 0, 1;
    %jmp T_2.1;
T_2.0 ;
    %load/vec4 v0000011aed353e90_0;
    %flag_set/vec4 8;
    %jmp/0xz  T_2.2, 8;
    %load/vec4 v0000011aed34aa20_0;
    %pad/s 32;
    %load/vec4 v0000011aed322d20_0;
    %pad/s 32;
    %mul;
    %store/vec4 v0000011aed322fa0_0, 0, 32;
    %pushi/vec4 1, 0, 1;
    %store/vec4 v0000011aed322e60_0, 0, 1;
    %jmp T_2.3;
T_2.2 ;
    %pushi/vec4 0, 0, 32;
    %store/vec4 v0000011aed322fa0_0, 0, 32;
    %pushi/vec4 0, 0, 1;
    %store/vec4 v0000011aed322e60_0, 0, 1;
T_2.3 ;
T_2.1 ;
    %jmp T_2;
    .thread T_2, $push;
    .scope S_0000011aed34a7e0;
T_3 ;
    %wait E_0000011aed347ef0;
    %load/vec4 v0000011aed3230e0_0;
    %nor/r;
    %flag_set/vec4 8;
    %jmp/0xz  T_3.0, 8;
    %pushi/vec4 0, 0, 16;
    %store/vec4 v0000011aed323040_0, 0, 16;
    %pushi/vec4 0, 0, 1;
    %store/vec4 v0000011aed353f30_0, 0, 1;
    %jmp T_3.1;
T_3.0 ;
    %load/vec4 v0000011aed322e60_0;
    %pad/u 32;
    %cmpi/e 1, 0, 32;
    %jmp/0xz  T_3.2, 4;
    %load/vec4 v0000011aed322fa0_0;
    %parti/s 16, 14, 5;
    %store/vec4 v0000011aed323040_0, 0, 16;
    %pushi/vec4 1, 0, 1;
    %store/vec4 v0000011aed353f30_0, 0, 1;
    %jmp T_3.3;
T_3.2 ;
    %pushi/vec4 0, 0, 16;
    %store/vec4 v0000011aed323040_0, 0, 16;
    %pushi/vec4 0, 0, 1;
    %store/vec4 v0000011aed353f30_0, 0, 1;
T_3.3 ;
T_3.1 ;
    %jmp T_3;
    .thread T_3, $push;
    .scope S_0000011aed34a310;
T_4 ;
    %pushi/vec4 0, 0, 32;
    %store/vec4 v0000011aed353170_0, 0, 32;
    %end;
    .thread T_4;
    .scope S_0000011aed34a310;
T_5 ;
    %delay 5, 0;
    %load/vec4 v0000011aed353210_0;
    %inv;
    %store/vec4 v0000011aed353210_0, 0, 1;
    %jmp T_5;
    .thread T_5;
    .scope S_0000011aed34a310;
T_6 ;
    %pushi/vec4 1, 0, 1;
    %store/vec4 v0000011aed353210_0, 0, 1;
    %pushi/vec4 0, 0, 1;
    %store/vec4 v0000011aed353030_0, 0, 1;
    %pushi/vec4 0, 0, 1;
    %store/vec4 v0000011aed353990_0, 0, 1;
    %pushi/vec4 0, 0, 16;
    %store/vec4 v0000011aed3535d0_0, 0, 16;
    %pushi/vec4 0, 0, 16;
    %store/vec4 v0000011aed353670_0, 0, 16;
    %pushi/vec4 0, 0, 32;
    %store/vec4 v0000011aed353170_0, 0, 32;
    %vpi_call 2 36 "$readmemb", "C:\134Users\13432172\134Desktop\134fft_fix\134scr\134valid\134a_fix_bin.txt", v0000011aed353350 {0 0 0};
    %vpi_call 2 37 "$readmemb", "C:\134Users\13432172\134Desktop\134fft_fix\134scr\134valid\134b_fix_bin.txt", v0000011aed3538f0 {0 0 0};
    %vpi_func 2 38 "$fopen" 32, "C:\134Users\13432172\134Desktop\134fft_fix\134scr\134valid\134r_fix_bin.txt", "w" {0 0 0};
    %store/vec4 v0000011aed353d50_0, 0, 32;
    %delay 11, 0;
    %pushi/vec4 1, 0, 1;
    %store/vec4 v0000011aed353030_0, 0, 1;
    %delay 9, 0;
    %pushi/vec4 512, 0, 32;
T_6.0 %dup/vec4;
    %pushi/vec4 0, 0, 32;
    %cmp/s;
    %jmp/1xz T_6.1, 5;
    %jmp/1 T_6.1, 4;
    %pushi/vec4 1, 0, 32;
    %sub;
    %ix/getv/s 4, v0000011aed353170_0;
    %load/vec4a v0000011aed353350, 4;
    %store/vec4 v0000011aed3535d0_0, 0, 16;
    %ix/getv/s 4, v0000011aed353170_0;
    %load/vec4a v0000011aed3538f0, 4;
    %store/vec4 v0000011aed353670_0, 0, 16;
    %pushi/vec4 1, 0, 1;
    %store/vec4 v0000011aed353990_0, 0, 1;
    %delay 10, 0;
    %pushi/vec4 0, 0, 1;
    %store/vec4 v0000011aed353990_0, 0, 1;
    %load/vec4 v0000011aed3532b0_0;
    %flag_set/vec4 8;
    %jmp/0xz  T_6.2, 8;
    %vpi_call 2 49 "$fdisplay", v0000011aed353d50_0, "%b", v0000011aed353b70_0 {0 0 0};
T_6.2 ;
    %delay 10, 0;
    %load/vec4 v0000011aed353170_0;
    %addi 1, 0, 32;
    %store/vec4 v0000011aed353170_0, 0, 32;
    %jmp T_6.0;
T_6.1 ;
    %pop/vec4 1;
    %vpi_call 2 53 "$fclose", v0000011aed353d50_0 {0 0 0};
    %vpi_call 2 54 "$finish" {0 0 0};
    %end;
    .thread T_6;
    .scope S_0000011aed34a310;
T_7 ;
    %vpi_call 2 57 "$dumpfile", "fix_mult_tb.vcd" {0 0 0};
    %vpi_call 2 58 "$dumpvars", 32'sb00000000000000000000000000000000, S_0000011aed34a310 {0 0 0};
    %end;
    .thread T_7;
# The file index is used to find the file name in the following table.
:file_names 4;
    "N/A";
    "<interactive>";
    "fix_mult_tb.v";
    "./fix_mult.v";
