#! /c/Source/iverilog-install/bin/vvp
:ivl_version "12.0 (devel)" "(s20150603-1110-g18392a46)";
:ivl_delay_selection "TYPICAL";
:vpi_time_precision + 0;
:vpi_module "C:\iverilog\lib\ivl\system.vpi";
:vpi_module "C:\iverilog\lib\ivl\vhdl_sys.vpi";
:vpi_module "C:\iverilog\lib\ivl\vhdl_textio.vpi";
:vpi_module "C:\iverilog\lib\ivl\v2005_math.vpi";
:vpi_module "C:\iverilog\lib\ivl\va_math.vpi";
S_0000028347a22ce0 .scope module, "fix_mult" "fix_mult" 2 1;
 .timescale 0 0;
    .port_info 0 /INPUT 1 "clk";
    .port_info 1 /INPUT 1 "rstn";
    .port_info 2 /INPUT 1 "vld_in";
    .port_info 3 /INPUT 16 "a";
    .port_info 4 /INPUT 16 "b";
    .port_info 5 /OUTPUT 32 "r";
    .port_info 6 /OUTPUT 1 "vld_out";
P_0000028347a0a1f0 .param/l "WIDTHa" 0 2 2, +C4<00000000000000000000000000010000>;
P_0000028347a0a228 .param/l "WIDTHb" 0 2 3, +C4<00000000000000000000000000010000>;
P_0000028347a0a260 .param/l "WIDTHr" 0 2 4, +C4<00000000000000000000000000100000>;
L_0000028347a0b550 .functor BUFZ 1, v0000028347aa0b10_0, C4<0>, C4<0>, C4<0>;
L_0000028347a0afa0 .functor BUFZ 32, v0000028347a54810_0, C4<00000000000000000000000000000000>, C4<00000000000000000000000000000000>, C4<00000000000000000000000000000000>;
o0000028347a5cfa8 .functor BUFZ 16, C4<zzzzzzzzzzzzzzzz>; HiZ drive
v0000028347a23450_0 .net "a", 15 0, o0000028347a5cfa8;  0 drivers
v0000028347a22e70_0 .var/s "a_reg", 15 0;
o0000028347a5d008 .functor BUFZ 16, C4<zzzzzzzzzzzzzzzz>; HiZ drive
v0000028347a22f10_0 .net "b", 15 0, o0000028347a5d008;  0 drivers
v0000028347a22fb0_0 .var/s "b_reg", 15 0;
o0000028347a5d068 .functor BUFZ 1, C4<z>; HiZ drive
v0000028347a23050_0 .net "clk", 0 0, o0000028347a5d068;  0 drivers
v0000028347a230f0_0 .var "finish_mult", 0 0;
v0000028347a546d0_0 .net "r", 31 0, L_0000028347a0afa0;  1 drivers
v0000028347a54770_0 .var "r_reg", 31 0;
v0000028347a54810_0 .var/s "result_reg", 31 0;
o0000028347a5d158 .functor BUFZ 1, C4<z>; HiZ drive
v0000028347a548b0_0 .net "rstn", 0 0, o0000028347a5d158;  0 drivers
o0000028347a5d188 .functor BUFZ 1, C4<z>; HiZ drive
v0000028347aa06b0_0 .net "vld_in", 0 0, o0000028347a5d188;  0 drivers
v0000028347aa0110_0 .var "vld_in_diff", 0 0;
v0000028347aa07f0_0 .net "vld_out", 0 0, L_0000028347a0b550;  1 drivers
v0000028347aa0b10_0 .var "vld_out_reg", 0 0;
E_0000028347a09ce0 .event anyedge, v0000028347a548b0_0, v0000028347a230f0_0, v0000028347a54770_0;
E_0000028347a09460 .event anyedge, v0000028347a548b0_0, v0000028347aa0110_0, v0000028347a22e70_0, v0000028347a22fb0_0;
E_0000028347a09120 .event posedge, v0000028347a23050_0;
E_0000028347a094a0/0 .event negedge, v0000028347a548b0_0;
E_0000028347a094a0/1 .event posedge, v0000028347a23050_0;
E_0000028347a094a0 .event/or E_0000028347a094a0/0, E_0000028347a094a0/1;
    .scope S_0000028347a22ce0;
T_0 ;
    %wait E_0000028347a094a0;
    %load/vec4 v0000028347a548b0_0;
    %nor/r;
    %flag_set/vec4 8;
    %jmp/0xz  T_0.0, 8;
    %pushi/vec4 0, 0, 16;
    %assign/vec4 v0000028347a22e70_0, 0;
    %pushi/vec4 0, 0, 16;
    %assign/vec4 v0000028347a22fb0_0, 0;
    %jmp T_0.1;
T_0.0 ;
    %load/vec4 v0000028347aa06b0_0;
    %flag_set/vec4 8;
    %jmp/0xz  T_0.2, 8;
    %load/vec4 v0000028347a23450_0;
    %assign/vec4 v0000028347a22e70_0, 0;
    %load/vec4 v0000028347a22f10_0;
    %assign/vec4 v0000028347a22fb0_0, 0;
T_0.2 ;
T_0.1 ;
    %jmp T_0;
    .thread T_0;
    .scope S_0000028347a22ce0;
T_1 ;
    %wait E_0000028347a09120;
    %load/vec4 v0000028347aa06b0_0;
    %assign/vec4 v0000028347aa0110_0, 0;
    %jmp T_1;
    .thread T_1;
    .scope S_0000028347a22ce0;
T_2 ;
    %wait E_0000028347a09460;
    %load/vec4 v0000028347a548b0_0;
    %nor/r;
    %flag_set/vec4 8;
    %jmp/0xz  T_2.0, 8;
    %pushi/vec4 0, 0, 32;
    %store/vec4 v0000028347a54770_0, 0, 32;
    %pushi/vec4 0, 0, 1;
    %store/vec4 v0000028347a230f0_0, 0, 1;
    %jmp T_2.1;
T_2.0 ;
    %load/vec4 v0000028347aa0110_0;
    %flag_set/vec4 8;
    %jmp/0xz  T_2.2, 8;
    %load/vec4 v0000028347a22e70_0;
    %pad/s 32;
    %load/vec4 v0000028347a22fb0_0;
    %pad/s 32;
    %mul;
    %store/vec4 v0000028347a54770_0, 0, 32;
    %pushi/vec4 1, 0, 1;
    %store/vec4 v0000028347a230f0_0, 0, 1;
    %jmp T_2.3;
T_2.2 ;
    %pushi/vec4 0, 0, 32;
    %store/vec4 v0000028347a54770_0, 0, 32;
    %pushi/vec4 0, 0, 1;
    %store/vec4 v0000028347a230f0_0, 0, 1;
T_2.3 ;
T_2.1 ;
    %jmp T_2;
    .thread T_2, $push;
    .scope S_0000028347a22ce0;
T_3 ;
    %wait E_0000028347a09ce0;
    %load/vec4 v0000028347a548b0_0;
    %nor/r;
    %flag_set/vec4 8;
    %jmp/0xz  T_3.0, 8;
    %pushi/vec4 0, 0, 32;
    %store/vec4 v0000028347a54810_0, 0, 32;
    %pushi/vec4 0, 0, 1;
    %store/vec4 v0000028347aa0b10_0, 0, 1;
    %jmp T_3.1;
T_3.0 ;
    %load/vec4 v0000028347a230f0_0;
    %pad/u 32;
    %cmpi/e 1, 0, 32;
    %jmp/0xz  T_3.2, 4;
    %load/vec4 v0000028347a54770_0;
    %store/vec4 v0000028347a54810_0, 0, 32;
    %pushi/vec4 1, 0, 1;
    %store/vec4 v0000028347aa0b10_0, 0, 1;
    %jmp T_3.3;
T_3.2 ;
    %pushi/vec4 0, 0, 32;
    %store/vec4 v0000028347a54810_0, 0, 32;
    %pushi/vec4 0, 0, 1;
    %store/vec4 v0000028347aa0b10_0, 0, 1;
T_3.3 ;
T_3.1 ;
    %jmp T_3;
    .thread T_3, $push;
# The file index is used to find the file name in the following table.
:file_names 3;
    "N/A";
    "<interactive>";
    "fix_mult.v";
