#! /c/Source/iverilog-install/bin/vvp
:ivl_version "12.0 (devel)" "(s20150603-1110-g18392a46)";
:ivl_delay_selection "TYPICAL";
:vpi_time_precision + 0;
:vpi_module "C:\iverilog\lib\ivl\system.vpi";
:vpi_module "C:\iverilog\lib\ivl\vhdl_sys.vpi";
:vpi_module "C:\iverilog\lib\ivl\vhdl_textio.vpi";
:vpi_module "C:\iverilog\lib\ivl\v2005_math.vpi";
:vpi_module "C:\iverilog\lib\ivl\va_math.vpi";
S_000001535d64fcc0 .scope module, "fix_adder_tb" "fix_adder_tb" 2 2;
 .timescale 0 0;
P_000001535d6500e0 .param/l "T" 0 2 24, +C4<00000000000000000000000000001010>;
P_000001535d650118 .param/l "WIDTH" 0 2 10, +C4<00000000000000000000000000010000>;
P_000001535d650150 .param/l "WIDTH1" 0 2 8, +C4<00000000000000000000000000001010>;
P_000001535d650188 .param/l "WIDTH2" 0 2 9, +C4<00000000000000000000000000000110>;
v000001535d6c9790_0 .var/s "a", 15 0;
v000001535d6c8a70 .array "a_mem", 511 0, 15 0;
v000001535d6c8b10_0 .var/s "b", 15 0;
v000001535d6c90b0 .array "b_mem", 511 0, 15 0;
v000001535d6c8bb0_0 .var "clk", 0 0;
v000001535d6c8c50_0 .var/i "file_adder", 31 0;
v000001535d6c95b0_0 .var/i "file_sub", 31 0;
v000001535d6c9650_0 .var/i "i", 31 0;
v000001535d6c8d90_0 .net "overflow", 0 0, L_000001535d66a340;  1 drivers
v000001535d6c8e30_0 .net/s "r", 15 0, L_000001535d6cae80;  1 drivers
v000001535d6c8ed0_0 .var "rstn", 0 0;
v000001535d6c8f70_0 .var "vld_in", 0 0;
v000001535d6c9150_0 .net "vld_out", 0 0, L_000001535d669d90;  1 drivers
S_000001535d6501d0 .scope module, "fix_adder_u1N" "fix_adder" 2 13, 3 1 0, S_000001535d64fcc0;
 .timescale 0 0;
    .port_info 0 /INPUT 1 "clk";
    .port_info 1 /INPUT 1 "rstn";
    .port_info 2 /INPUT 1 "vld_in";
    .port_info 3 /INPUT 16 "a";
    .port_info 4 /INPUT 16 "b";
    .port_info 5 /OUTPUT 16 "r";
    .port_info 6 /OUTPUT 1 "vld_out";
    .port_info 7 /OUTPUT 1 "overflow";
P_000001535d650360 .param/l "WIDTH" 0 3 4, +C4<00000000000000000000000000010000>;
P_000001535d650398 .param/l "WIDTH1" 0 3 2, +C4<00000000000000000000000000001010>;
P_000001535d6503d0 .param/l "WIDTH2" 0 3 3, +C4<00000000000000000000000000000110>;
L_000001535d66a340 .functor BUFZ 1, v000001535d6c9010_0, C4<0>, C4<0>, C4<0>;
L_000001535d669d90 .functor BUFZ 1, v000001535d6c8cf0_0, C4<0>, C4<0>, C4<0>;
v000001535d623350_0 .net "a", 15 0, v000001535d6c9790_0;  1 drivers
v000001535d6628e0_0 .var "a_reg", 16 0;
v000001535d622d20_0 .var "a_sign", 0 0;
v000001535d622dc0_0 .net "b", 15 0, v000001535d6c8b10_0;  1 drivers
v000001535d622e60_0 .var "b_reg", 16 0;
v000001535d622f00_0 .var "b_sign", 0 0;
v000001535d622fa0_0 .var "c", 16 0;
v000001535d623040_0 .net "clk", 0 0, v000001535d6c8bb0_0;  1 drivers
v000001535d6c8930_0 .var "finish_add", 0 0;
v000001535d6c96f0_0 .var/i "i", 31 0;
v000001535d6c8890_0 .net "overflow", 0 0, L_000001535d66a340;  alias, 1 drivers
v000001535d6c9010_0 .var "overflow_reg", 0 0;
v000001535d6c93d0_0 .net "r", 15 0, L_000001535d6cae80;  alias, 1 drivers
v000001535d6c9330_0 .var "r_reg", 16 0;
v000001535d6c9470_0 .var "result_reg", 16 0;
v000001535d6c91f0_0 .net "rstn", 0 0, v000001535d6c8ed0_0;  1 drivers
v000001535d6c89d0_0 .net "vld_in", 0 0, v000001535d6c8f70_0;  1 drivers
v000001535d6c9290_0 .var "vld_in_diff", 0 0;
v000001535d6c9510_0 .net "vld_out", 0 0, L_000001535d669d90;  alias, 1 drivers
v000001535d6c8cf0_0 .var "vld_out_reg", 0 0;
E_000001535d64bb30/0 .event anyedge, v000001535d6c91f0_0, v000001535d6c8930_0, v000001535d622d20_0, v000001535d622f00_0;
E_000001535d64bb30/1 .event anyedge, v000001535d6c9330_0;
E_000001535d64bb30 .event/or E_000001535d64bb30/0, E_000001535d64bb30/1;
E_000001535d64b930/0 .event anyedge, v000001535d6c91f0_0, v000001535d6c9290_0, v000001535d6628e0_0, v000001535d622e60_0;
E_000001535d64b930/1 .event anyedge, v000001535d622fa0_0;
E_000001535d64b930 .event/or E_000001535d64b930/0, E_000001535d64b930/1;
E_000001535d64baf0 .event posedge, v000001535d623040_0;
E_000001535d64bab0/0 .event negedge, v000001535d6c91f0_0;
E_000001535d64bab0/1 .event posedge, v000001535d623040_0;
E_000001535d64bab0 .event/or E_000001535d64bab0/0, E_000001535d64bab0/1;
L_000001535d6cae80 .part v000001535d6c9470_0, 0, 16;
    .scope S_000001535d6501d0;
T_0 ;
    %pushi/vec4 0, 0, 1;
    %store/vec4 v000001535d6c9010_0, 0, 1;
    %end;
    .thread T_0;
    .scope S_000001535d6501d0;
T_1 ;
    %wait E_000001535d64bab0;
    %load/vec4 v000001535d6c91f0_0;
    %nor/r;
    %flag_set/vec4 8;
    %jmp/0xz  T_1.0, 8;
    %pushi/vec4 0, 0, 17;
    %assign/vec4 v000001535d6628e0_0, 0;
    %pushi/vec4 0, 0, 17;
    %assign/vec4 v000001535d622e60_0, 0;
    %pushi/vec4 0, 0, 1;
    %assign/vec4 v000001535d622d20_0, 0;
    %pushi/vec4 0, 0, 1;
    %assign/vec4 v000001535d622f00_0, 0;
    %jmp T_1.1;
T_1.0 ;
    %load/vec4 v000001535d6c89d0_0;
    %flag_set/vec4 8;
    %jmp/0xz  T_1.2, 8;
    %load/vec4 v000001535d623350_0;
    %parti/s 1, 15, 5;
    %load/vec4 v000001535d623350_0;
    %concat/vec4; draw_concat_vec4
    %assign/vec4 v000001535d6628e0_0, 0;
    %load/vec4 v000001535d622dc0_0;
    %parti/s 1, 15, 5;
    %load/vec4 v000001535d622dc0_0;
    %concat/vec4; draw_concat_vec4
    %assign/vec4 v000001535d622e60_0, 0;
    %load/vec4 v000001535d623350_0;
    %parti/s 1, 15, 5;
    %assign/vec4 v000001535d622d20_0, 0;
    %load/vec4 v000001535d622dc0_0;
    %parti/s 1, 15, 5;
    %assign/vec4 v000001535d622f00_0, 0;
T_1.2 ;
T_1.1 ;
    %jmp T_1;
    .thread T_1;
    .scope S_000001535d6501d0;
T_2 ;
    %wait E_000001535d64baf0;
    %load/vec4 v000001535d6c89d0_0;
    %assign/vec4 v000001535d6c9290_0, 0;
    %jmp T_2;
    .thread T_2;
    .scope S_000001535d6501d0;
T_3 ;
    %wait E_000001535d64b930;
    %load/vec4 v000001535d6c91f0_0;
    %nor/r;
    %flag_set/vec4 8;
    %jmp/0xz  T_3.0, 8;
    %pushi/vec4 0, 0, 17;
    %store/vec4 v000001535d622fa0_0, 0, 17;
    %pushi/vec4 0, 0, 17;
    %store/vec4 v000001535d6c9330_0, 0, 17;
    %pushi/vec4 0, 0, 1;
    %store/vec4 v000001535d6c8930_0, 0, 1;
    %jmp T_3.1;
T_3.0 ;
    %load/vec4 v000001535d6c9290_0;
    %flag_set/vec4 8;
    %jmp/0xz  T_3.2, 8;
    %pushi/vec4 0, 0, 32;
    %store/vec4 v000001535d6c96f0_0, 0, 32;
T_3.4 ;
    %load/vec4 v000001535d6c96f0_0;
    %cmpi/s 17, 0, 32;
    %jmp/0xz T_3.5, 5;
    %load/vec4 v000001535d6c96f0_0;
    %cmpi/e 0, 0, 32;
    %jmp/0xz  T_3.6, 4;
    %load/vec4 v000001535d6628e0_0;
    %load/vec4 v000001535d6c96f0_0;
    %part/s 1;
    %load/vec4 v000001535d622e60_0;
    %load/vec4 v000001535d6c96f0_0;
    %part/s 1;
    %xor;
    %ix/getv/s 4, v000001535d6c96f0_0;
    %store/vec4 v000001535d6c9330_0, 4, 1;
    %load/vec4 v000001535d6628e0_0;
    %load/vec4 v000001535d6c96f0_0;
    %part/s 1;
    %load/vec4 v000001535d622e60_0;
    %load/vec4 v000001535d6c96f0_0;
    %part/s 1;
    %and;
    %ix/getv/s 4, v000001535d6c96f0_0;
    %store/vec4 v000001535d622fa0_0, 4, 1;
    %jmp T_3.7;
T_3.6 ;
    %load/vec4 v000001535d6628e0_0;
    %load/vec4 v000001535d6c96f0_0;
    %part/s 1;
    %load/vec4 v000001535d622e60_0;
    %load/vec4 v000001535d6c96f0_0;
    %part/s 1;
    %xor;
    %load/vec4 v000001535d622fa0_0;
    %load/vec4 v000001535d6c96f0_0;
    %subi 1, 0, 32;
    %part/s 1;
    %xor;
    %ix/getv/s 4, v000001535d6c96f0_0;
    %store/vec4 v000001535d6c9330_0, 4, 1;
    %load/vec4 v000001535d6628e0_0;
    %load/vec4 v000001535d6c96f0_0;
    %part/s 1;
    %load/vec4 v000001535d622e60_0;
    %load/vec4 v000001535d6c96f0_0;
    %part/s 1;
    %and;
    %load/vec4 v000001535d6628e0_0;
    %load/vec4 v000001535d6c96f0_0;
    %part/s 1;
    %load/vec4 v000001535d622e60_0;
    %load/vec4 v000001535d6c96f0_0;
    %part/s 1;
    %xor;
    %load/vec4 v000001535d622fa0_0;
    %load/vec4 v000001535d6c96f0_0;
    %subi 1, 0, 32;
    %part/s 1;
    %and;
    %or;
    %ix/getv/s 4, v000001535d6c96f0_0;
    %store/vec4 v000001535d622fa0_0, 4, 1;
T_3.7 ;
    %load/vec4 v000001535d6c96f0_0;
    %addi 1, 0, 32;
    %store/vec4 v000001535d6c96f0_0, 0, 32;
    %jmp T_3.4;
T_3.5 ;
    %pushi/vec4 1, 0, 1;
    %store/vec4 v000001535d6c8930_0, 0, 1;
    %jmp T_3.3;
T_3.2 ;
    %pushi/vec4 0, 0, 17;
    %store/vec4 v000001535d622fa0_0, 0, 17;
    %pushi/vec4 0, 0, 17;
    %store/vec4 v000001535d6c9330_0, 0, 17;
    %pushi/vec4 0, 0, 1;
    %store/vec4 v000001535d6c8930_0, 0, 1;
T_3.3 ;
T_3.1 ;
    %jmp T_3;
    .thread T_3, $push;
    .scope S_000001535d6501d0;
T_4 ;
    %wait E_000001535d64bb30;
    %load/vec4 v000001535d6c91f0_0;
    %nor/r;
    %flag_set/vec4 8;
    %jmp/0xz  T_4.0, 8;
    %pushi/vec4 0, 0, 17;
    %store/vec4 v000001535d6c9470_0, 0, 17;
    %pushi/vec4 0, 0, 1;
    %store/vec4 v000001535d6c9010_0, 0, 1;
    %jmp T_4.1;
T_4.0 ;
    %load/vec4 v000001535d6c8930_0;
    %pad/u 32;
    %cmpi/e 1, 0, 32;
    %jmp/0xz  T_4.2, 4;
    %pushi/vec4 1, 0, 1;
    %store/vec4 v000001535d6c8cf0_0, 0, 1;
    %load/vec4 v000001535d622d20_0;
    %load/vec4 v000001535d622f00_0;
    %xor;
    %nor/r;
    %load/vec4 v000001535d6c9330_0;
    %parti/s 1, 16, 6;
    %load/vec4 v000001535d6c9330_0;
    %parti/s 1, 15, 5;
    %xor;
    %and;
    %flag_set/vec4 8;
    %jmp/0xz  T_4.4, 8;
    %pushi/vec4 1, 0, 1;
    %store/vec4 v000001535d6c9010_0, 0, 1;
    %jmp T_4.5;
T_4.4 ;
    %pushi/vec4 0, 0, 1;
    %store/vec4 v000001535d6c9010_0, 0, 1;
T_4.5 ;
    %load/vec4 v000001535d6c9330_0;
    %store/vec4 v000001535d6c9470_0, 0, 17;
    %jmp T_4.3;
T_4.2 ;
    %pushi/vec4 0, 0, 1;
    %store/vec4 v000001535d6c9010_0, 0, 1;
    %pushi/vec4 0, 0, 17;
    %store/vec4 v000001535d6c9470_0, 0, 17;
    %pushi/vec4 0, 0, 1;
    %store/vec4 v000001535d6c8cf0_0, 0, 1;
T_4.3 ;
T_4.1 ;
    %jmp T_4;
    .thread T_4, $push;
    .scope S_000001535d64fcc0;
T_5 ;
    %pushi/vec4 0, 0, 32;
    %store/vec4 v000001535d6c9650_0, 0, 32;
    %end;
    .thread T_5;
    .scope S_000001535d64fcc0;
T_6 ;
    %delay 5, 0;
    %load/vec4 v000001535d6c8bb0_0;
    %inv;
    %store/vec4 v000001535d6c8bb0_0, 0, 1;
    %jmp T_6;
    .thread T_6;
    .scope S_000001535d64fcc0;
T_7 ;
    %pushi/vec4 0, 0, 1;
    %store/vec4 v000001535d6c8bb0_0, 0, 1;
    %pushi/vec4 0, 0, 1;
    %store/vec4 v000001535d6c8ed0_0, 0, 1;
    %pushi/vec4 0, 0, 1;
    %store/vec4 v000001535d6c8f70_0, 0, 1;
    %pushi/vec4 0, 0, 16;
    %store/vec4 v000001535d6c9790_0, 0, 16;
    %pushi/vec4 0, 0, 16;
    %store/vec4 v000001535d6c8b10_0, 0, 16;
    %vpi_call 2 38 "$readmemb", "C:\134Users\13432172\134Desktop\134fft_fix\134scr\134valid_adder\134a_fix_bin.txt", v000001535d6c8a70 {0 0 0};
    %vpi_call 2 39 "$readmemb", "C:\134Users\13432172\134Desktop\134fft_fix\134scr\134valid_adder\134b_fix_bin.txt", v000001535d6c90b0 {0 0 0};
    %vpi_func 2 40 "$fopen" 32, "C:\134Users\13432172\134Desktop\134fft_fix\134scr\134valid_adder\134adder_fix_bin.txt", "w" {0 0 0};
    %store/vec4 v000001535d6c8c50_0, 0, 32;
    %vpi_func 2 41 "$fopen" 32, "C:\134Users\13432172\134Desktop\134fft_fix\134scr\134valid_adder\134sub_fix_bin.txt", "w" {0 0 0};
    %store/vec4 v000001535d6c95b0_0, 0, 32;
    %delay 11, 0;
    %pushi/vec4 1, 0, 1;
    %store/vec4 v000001535d6c8ed0_0, 0, 1;
    %delay 9, 0;
    %pushi/vec4 512, 0, 32;
T_7.0 %dup/vec4;
    %pushi/vec4 0, 0, 32;
    %cmp/s;
    %jmp/1xz T_7.1, 5;
    %jmp/1 T_7.1, 4;
    %pushi/vec4 1, 0, 32;
    %sub;
    %ix/getv/s 4, v000001535d6c9650_0;
    %load/vec4a v000001535d6c8a70, 4;
    %store/vec4 v000001535d6c9790_0, 0, 16;
    %ix/getv/s 4, v000001535d6c9650_0;
    %load/vec4a v000001535d6c90b0, 4;
    %store/vec4 v000001535d6c8b10_0, 0, 16;
    %pushi/vec4 1, 0, 1;
    %store/vec4 v000001535d6c8f70_0, 0, 1;
    %delay 10, 0;
    %pushi/vec4 0, 0, 1;
    %store/vec4 v000001535d6c8f70_0, 0, 1;
    %load/vec4 v000001535d6c9150_0;
    %flag_set/vec4 8;
    %jmp/0xz  T_7.2, 8;
    %vpi_call 2 53 "$fdisplay", v000001535d6c8c50_0, "%b", v000001535d6c8e30_0 {0 0 0};
T_7.2 ;
    %delay 10, 0;
    %pushi/vec4 1, 0, 1;
    %store/vec4 v000001535d6c8f70_0, 0, 1;
    %ix/getv/s 4, v000001535d6c9650_0;
    %load/vec4a v000001535d6c90b0, 4;
    %inv;
    %addi 1, 0, 16;
    %store/vec4 v000001535d6c8b10_0, 0, 16;
    %delay 10, 0;
    %pushi/vec4 0, 0, 1;
    %store/vec4 v000001535d6c8f70_0, 0, 1;
    %load/vec4 v000001535d6c9150_0;
    %flag_set/vec4 8;
    %jmp/0xz  T_7.4, 8;
    %vpi_call 2 60 "$fdisplay", v000001535d6c95b0_0, "%b", v000001535d6c8e30_0 {0 0 0};
T_7.4 ;
    %delay 10, 0;
    %load/vec4 v000001535d6c9650_0;
    %addi 1, 0, 32;
    %store/vec4 v000001535d6c9650_0, 0, 32;
    %jmp T_7.0;
T_7.1 ;
    %pop/vec4 1;
    %vpi_call 2 64 "$fclose", v000001535d6c8c50_0 {0 0 0};
    %vpi_call 2 65 "$fclose", v000001535d6c95b0_0 {0 0 0};
    %vpi_call 2 67 "$finish" {0 0 0};
    %end;
    .thread T_7;
    .scope S_000001535d64fcc0;
T_8 ;
    %vpi_call 2 70 "$dumpfile", "fix_adder_tb.vcd" {0 0 0};
    %vpi_call 2 71 "$dumpvars", 32'sb00000000000000000000000000000000, S_000001535d64fcc0 {0 0 0};
    %end;
    .thread T_8;
# The file index is used to find the file name in the following table.
:file_names 4;
    "N/A";
    "<interactive>";
    "fix_adder_tb.v";
    "./fix_adder.v";
